# JRE version: OpenJDK Runtime Environment (11.0.2+9) (build 11.0.2+9)
# Java VM: OpenJDK 64-Bit Server VM (11.0.2+9, mixed mode, tiered, compressed oops, g1 gc, windows-amd64)
Heap:
 garbage-first heap   total 270336K, used 172385K [0x0000000740000000, 0x0000000800000000)
  region size 1024K, 17 young (17408K), 3 survivors (3072K)
 Metaspace       used 102874K, capacity 105458K, committed 105680K, reserved 1138688K
  class space    used 14750K, capacity 15941K, committed 16000K, reserved 1048576K
GC Heap History (10 events):
Event: 94.320 GC heap before
{Heap before GC invocations=108 (full 4):
 garbage-first heap   total 270336K, used 216788K [0x0000000740000000, 0x0000000800000000)
  region size 1024K, 60 young (61440K), 3 survivors (3072K)
 Metaspace       used 102763K, capacity 105330K, committed 105424K, reserved 1138688K
  class space    used 14738K, capacity 15941K, committed 16000K, reserved 1048576K
}
Event: 94.323 GC heap after
{Heap after GC invocations=109 (full 4):
 garbage-first heap   total 270336K, used 158889K [0x0000000740000000, 0x0000000800000000)
  region size 1024K, 3 young (3072K), 3 survivors (3072K)
 Metaspace       used 102763K, capacity 105330K, committed 105424K, reserved 1138688K
  class space    used 14738K, capacity 15941K, committed 16000K, reserved 1048576K
}
Event: 94.488 GC heap before
{Heap before GC invocations=110 (full 4):
 garbage-first heap   total 270336K, used 217257K [0x0000000740000000, 0x0000000800000000)
  region size 1024K, 60 young (61440K), 3 survivors (3072K)
 Metaspace       used 102766K, capacity 105330K, committed 105424K, reserved 1138688K
  class space    used 14738K, capacity 15941K, committed 16000K, reserved 1048576K
}
Event: 94.490 GC heap after
{Heap after GC invocations=111 (full 4):
 garbage-first heap   total 270336K, used 159149K [0x0000000740000000, 0x0000000800000000)
  region size 1024K, 3 young (3072K), 3 survivors (3072K)
 Metaspace       used 102766K, capacity 105330K, committed 105424K, reserved 1138688K
  class space    used 14738K, capacity 15941K, committed 16000K, reserved 1048576K
}
Event: 94.685 GC heap before
{Heap before GC invocations=111 (full 4):
 garbage-first heap   total 270336K, used 217517K [0x0000000740000000, 0x0000000800000000)
  region size 1024K, 60 young (61440K), 3 survivors (3072K)
 Metaspace       used 102774K, capacity 105394K, committed 105680K, reserved 1138688K
  class space    used 14738K, capacity 15941K, committed 16000K, reserved 1048576K
}
Event: 94.688 GC heap after
{Heap after GC invocations=112 (full 4):
 garbage-first heap   total 270336K, used 159332K [0x0000000740000000, 0x0000000800000000)
  region size 1024K, 3 young (3072K), 3 survivors (3072K)
 Metaspace       used 102774K, capacity 105394K, committed 105680K, reserved 1138688K
  class space    used 14738K, capacity 15941K, committed 16000K, reserved 1048576K
}
Event: 97.621 GC heap before
{Heap before GC invocations=113 (full 4):
 garbage-first heap   total 270336K, used 216676K [0x0000000740000000, 0x0000000800000000)
  region size 1024K, 60 young (61440K), 3 survivors (3072K)
 Metaspace       used 102863K, capacity 105458K, committed 105680K, reserved 1138688K
  class space    used 14750K, capacity 15941K, committed 16000K, reserved 1048576K
}
Event: 97.624 GC heap after
{Heap after GC invocations=114 (full 4):
 garbage-first heap   total 270336K, used 159052K [0x0000000740000000, 0x0000000800000000)
  region size 1024K, 3 young (3072K), 3 survivors (3072K)
 Metaspace       used 102863K, capacity 105458K, committed 105680K, reserved 1138688K
  class space    used 14750K, capacity 15941K, committed 16000K, reserved 1048576K
}
Event: 97.794 GC heap before
{Heap before GC invocations=114 (full 4):
 garbage-first heap   total 270336K, used 217420K [0x0000000740000000, 0x0000000800000000)
  region size 1024K, 60 young (61440K), 3 survivors (3072K)
 Metaspace       used 102864K, capacity 105458K, committed 105680K, reserved 1138688K
  class space    used 14750K, capacity 15941K, committed 16000K, reserved 1048576K
}
Event: 97.797 GC heap after
{Heap after GC invocations=115 (full 4):
 garbage-first heap   total 270336K, used 159073K [0x0000000740000000, 0x0000000800000000)
  region size 1024K, 3 young (3072K), 3 survivors (3072K)
 Metaspace       used 102864K, capacity 105458K, committed 105680K, reserved 1138688K
  class space    used 14750K, capacity 15941K, committed 16000K, reserved 1048576K
}

